\BOOKMARK [0][-]{section*.10}{\376\377\004\027\004\076\004\105\004\070\004\076\004\063\004\107\004\070\004\071\004\075\000\040\004\115\004\100\004\105\000\040\004\105\004\060\004\074\004\063\004\060\004\060\004\073\004\060\004\073}{}% 1
\BOOKMARK [0][-]{section*.10}{\376\377\004\045\004\103\004\100\004\060\004\060\004\075\004\063\004\103\004\071}{}% 2
\BOOKMARK [0][-]{section*.11}{\376\377\004\042\004\060\004\073\004\060\004\100\004\105\004\060\004\073}{}% 3
\BOOKMARK [0][-]{table.0.1}{\376\377\004\042\004\076\004\062\004\107\004\070\004\073\004\101\004\076\004\075\000\040\004\257\004\063\004\101}{}% 4
\BOOKMARK [0][-]{chapter.16}{\376\377\004\043\004\064\004\070\004\100\004\102\004\063\004\060\004\073}{}% 5
\BOOKMARK [1][-]{section.17}{\376\377\004\041\004\115\004\064\004\115\004\062\000\040\004\101\004\076\004\075\004\063\004\076\004\101\004\076\004\075\000\040\004\257\004\075\004\064\004\115\004\101\004\073\004\115\004\073}{chapter.16}% 6
\BOOKMARK [1][-]{section.18}{\376\377\004\027\004\076\004\100\004\070\004\073\004\063\004\076}{chapter.16}% 7
\BOOKMARK [1][-]{section.26}{\376\377\004\027\004\076\004\100\004\070\004\073\004\102}{chapter.16}% 8
\BOOKMARK [0][-]{chapter.36}{\376\377\004\041\004\103\004\064\004\060\004\073\004\063\004\060\004\060}{}% 9
\BOOKMARK [1][-]{section.37}{\376\377\004\042\004\351\004\101\004\102\004\115\004\071\000\040\004\101\004\070\004\101\004\102\004\065\004\074\004\257\004\257\004\064\004\070\004\071\004\075\000\040\004\101\004\103\004\064\004\060\004\073\004\063\004\060\004\060}{chapter.36}% 10
\BOOKMARK [1][-]{section.39}{\376\377\004\020\004\110\004\070\004\063\004\073\004\060\004\105\000\040\000A\000I\000\040\004\067\004\060\004\063\004\062\004\060\004\100\004\103\004\103\004\064\004\113\004\075\000\040\004\101\004\103\004\064\004\060\004\073\004\063\004\060\004\060}{chapter.36}% 11
\BOOKMARK [2][-]{subsection.40}{\376\377\000A\000I\000\040\004\067\004\060\004\063\004\062\004\060\004\100\004\103\004\103\004\064\004\113\004\075\000\040\004\105\004\060\004\100\004\114\004\106\004\103\004\103\004\073\004\060\004\073\004\102\000\040\004\061\004\060\000\040\004\101\004\076\004\075\004\063\004\076\004\073\004\102\004\113\004\075\000\040\004\257\004\075\004\064\004\115\004\101\004\073\004\115\004\073}{section.39}% 12
\BOOKMARK [3][-]{subsubsection*.41}{\376\377\004\041\004\076\004\075\004\063\004\076\004\073\004\102\004\113\004\075\000\040\004\110\004\060\004\073\004\063\004\103\004\103\004\100}{subsection.40}% 13
\BOOKMARK [2][-]{subsection.43}{\376\377\000S\000c\000r\000i\000p\000t\000\040\000g\000e\000n\000e\000r\000a\000t\000i\000o\000n\000\040\000m\000o\000d\000e\000l\000-\004\103\004\103\004\064\004\113\004\075\000\040\004\105\004\060\004\100\004\114\004\106\004\103\004\103\004\073\004\060\004\073\004\102}{section.39}% 14
\BOOKMARK [3][-]{subsubsection*.45}{\376\377\000S\000c\000r\000i\000p\000t\000\040\000m\000o\000d\000e\000l\000\040\004\101\004\076\004\075\004\063\004\076\004\073\004\102\004\113\004\075\000\040\004\064\004\257\004\063\004\075\004\115\004\073\004\102}{subsection.43}% 15
\BOOKMARK [2][-]{subsection.46}{\376\377\000I\000m\000a\000g\000e\000\040\000g\000e\000n\000e\000r\000a\000t\000i\000o\000n\000\040\000m\000o\000d\000e\000l\000-\004\103\004\103\004\064\004\113\004\075\000\040\004\105\004\060\004\100\004\114\004\106\004\103\004\103\004\073\004\060\004\073\004\102}{section.39}% 16
\BOOKMARK [3][-]{subsubsection*.48}{\376\377\000I\000m\000a\000g\000e\000\040\000m\000o\000d\000e\000l\000\040\004\101\004\076\004\075\004\063\004\076\004\073\004\102\004\113\004\075\000\040\004\064\004\257\004\063\004\075\004\115\004\073\004\102}{subsection.46}% 17
\BOOKMARK [3][-]{subsubsection*.49}{\376\377\004\055\004\106\004\101\004\070\004\071\004\075\000\040\004\101\004\076\004\075\004\063\004\076\004\073\004\102}{subsection.46}% 18
\BOOKMARK [2][-]{subsection.50}{\376\377\000V\000o\000i\000c\000e\000\040\000g\000e\000n\000e\000r\000a\000t\000i\000o\000n\000\040\000m\000o\000d\000e\000l\000-\004\103\004\103\004\064\004\113\004\075\000\040\004\105\004\060\004\100\004\114\004\106\004\103\004\103\004\073\004\060\004\073\004\102}{section.39}% 19
\BOOKMARK [3][-]{subsubsection*.52}{\376\377\000V\000o\000i\000c\000e\000\040\000m\000o\000d\000e\000l\000\040\004\101\004\076\004\075\004\063\004\076\004\073\004\102\004\113\004\075\000\040\004\064\004\257\004\063\004\075\004\115\004\073\004\102}{subsection.50}% 20
\BOOKMARK [2][-]{subsection.53}{\376\377\000C\000H\000I\000M\000E\000G\000E}{section.39}% 21
\BOOKMARK [2][-]{subsection.54}{\376\377\004\035\004\115\004\063\004\064\004\101\004\115\004\075\000\040\004\115\004\106\004\101\004\070\004\071\004\075\000\040\004\101\004\076\004\075\004\063\004\076\004\073\004\102}{section.39}% 22
\BOOKMARK [1][-]{section.56}{\376\377\004\020\004\110\004\070\004\063\004\073\004\060\004\105\000\040\004\105\004\351\004\063\004\066\004\257\004\257\004\073\004\115\004\073\004\102\004\070\004\071\004\075\000\040\004\102\004\065\004\105\004\075\004\076\004\073\004\076\004\063\004\070\004\103\004\064\004\113\004\075\000\040\004\101\004\103\004\064\004\073\004\060\004\063\004\060\004\060}{chapter.36}% 23
\BOOKMARK [2][-]{subsection.57}{\376\377\000F\000r\000o\000n\000t\000e\000n\000d\000\040\004\102\004\065\004\105\004\075\004\076\004\073\004\076\004\063\004\070\000:\000\040\000R\000e\000a\000c\000t}{section.56}% 24
\BOOKMARK [2][-]{subsection.58}{\376\377\000B\000a\000c\000k\000e\000n\000d\000\040\004\102\004\065\004\105\004\075\004\076\004\073\004\076\004\063\004\070\000:\000\040\000N\000o\000d\000e\000.\000j\000s}{section.56}% 25
\BOOKMARK [2][-]{subsection.59}{\376\377\000W\000e\000b\000\040\000f\000r\000a\000m\000e\000w\000o\000r\000k\000:\000\040\000E\000x\000p\000r\000e\000s\000s}{section.56}% 26
\BOOKMARK [2][-]{subsection.60}{\376\377\004\350\004\063\004\351\004\063\004\064\004\073\004\070\004\071\004\075\000\040\004\101\004\060\004\075\000:\000\040\000P\000o\000s\000t\000g\000r\000e\000S\000Q\000L}{section.56}% 27
\BOOKMARK [2][-]{subsection.61}{\376\377\000O\000R\000M\000\040\004\102\004\065\004\105\004\075\004\076\004\073\004\076\004\063\004\070\000:\000\040\000S\000e\000q\000u\000e\000l\000i\000z\000e}{section.56}% 28
\BOOKMARK [2][-]{subsection.62}{\376\377\000A\000P\000I\000\040\004\060\004\100\004\105\004\070\004\102\004\065\004\072\004\102\004\103\004\100\000:\000\040\000R\000E\000S\000T\000\040\000A\000P\000I}{section.56}% 29
\BOOKMARK [2][-]{subsection.63}{\376\377\004\021\004\257\004\105\000\040\004\102\004\257\004\062\004\110\004\075\004\070\004\071\000\040\004\105\004\115\004\073\000:\000\040\000T\000y\000p\000e\000S\000c\000r\000i\000p\000t}{section.56}% 30
\BOOKMARK [2][-]{subsection.64}{\376\377\004\022\004\070\004\064\004\065\004\076\000\040\004\061\004\076\004\073\004\076\004\062\004\101\004\100\004\103\004\103\004\073\004\060\004\073\004\102\000:\000\040\000F\000F\000m\000p\000e\000g}{section.56}% 31
\BOOKMARK [3][-]{subsubsection*.65}{\376\377\000T\000r\000a\000n\000s\000i\000t\000i\000o\000n\000\040\004\061\004\060\000\040\000m\000o\000t\000i\000o\000n\000\040\000e\000f\000f\000e\000c\000t}{subsection.64}% 32
\BOOKMARK [3][-]{subsubsection*.66}{\376\377\000S\000u\000b\000t\000i\000t\000l\000e\000\040\004\061\004\060\000\040\000b\000a\000c\000k\000g\000r\000o\000u\000n\000d\000\040\000m\000u\000s\000i\000c\000\040\004\075\004\115\004\063\004\102\004\063\004\115\004\073\004\102}{subsection.64}% 33
\BOOKMARK [3][-]{subsubsection*.67}{\376\377\004\045\004\115\004\101\004\115\004\063\004\107\004\070\004\073\004\101\004\115\004\075\000\040\000r\000e\000-\000r\000e\000n\000d\000e\000r}{subsection.64}% 34
\BOOKMARK [2][-]{subsection.68}{\376\377\004\042\004\065\004\105\004\075\004\076\004\073\004\076\004\063\004\070\004\071\004\075\000\040\004\075\004\115\004\063\004\064\004\101\004\115\004\075\000\040\004\064\004\257\004\063\004\075\004\115\004\073\004\102}{section.56}% 35
\BOOKMARK [0][-]{chapter.69}{\376\377\004\041\004\070\004\101\004\102\004\065\004\074\004\070\004\071\004\075\000\040\004\110\004\060\004\060\004\100\004\064\004\073\004\060\004\063\004\060\000\040\004\061\004\060\000\040\004\110\004\070\004\075\004\066\004\070\004\073\004\063\004\115\004\115}{}% 36
\BOOKMARK [1][-]{section.70}{\376\377\004\041\004\070\004\101\004\102\004\065\004\074\004\070\004\071\004\075\000\040\004\067\004\076\004\100\004\070\004\073\004\063\004\076\000,\000\040\004\257\004\075\004\064\004\101\004\115\004\075\000\040\004\104\004\103\004\075\004\072\004\106\004\103\004\103\004\064}{chapter.69}% 37
\BOOKMARK [1][-]{section.80}{\376\377\004\045\004\115\004\100\004\115\004\063\004\073\004\115\004\063\004\107\004\070\004\071\004\075\000\040\004\110\004\060\004\060\004\100\004\064\004\073\004\060\004\063\004\103\004\103\004\064}{chapter.69}% 38
\BOOKMARK [1][-]{section.82}{\376\377\004\041\004\070\004\101\004\102\004\065\004\074\004\070\004\071\004\075\000\040\004\105\004\115\004\100\004\115\004\063\004\073\004\115\004\063\004\107\004\070\004\071\004\075\000\040\004\102\004\351\004\100\004\073\004\257\004\257\004\064}{chapter.69}% 39
\BOOKMARK [1][-]{section.84}{\376\377\004\044\004\103\004\075\004\072\004\106\004\070\004\076\004\075\004\060\004\073\004\114\000\040\004\110\004\060\004\060\004\100\004\064\004\073\004\060\004\063\004\103\004\103\004\064}{chapter.69}% 40
\BOOKMARK [2][-]{subsection.85}{\376\377\004\055\004\075\004\063\004\070\004\071\004\075\000\040\004\105\004\115\004\100\004\115\004\063\004\073\004\115\004\063\004\107\004\070\004\071\004\075\000\040\004\104\004\103\004\075\004\072\004\106\004\070\004\076\004\075\004\060\004\073\004\114\000\040\004\110\004\060\004\060\004\100\004\064\004\073\004\060\004\063\004\060}{section.84}% 41
\BOOKMARK [2][-]{subsection.87}{\376\377\000P\000r\000o\000\040\004\105\004\115\004\100\004\115\004\063\004\073\004\115\004\063\004\107\004\070\004\071\004\075\000\040\004\104\004\103\004\075\004\072\004\106\004\070\004\076\004\075\004\060\004\073\004\114\000\040\004\110\004\060\004\060\004\100\004\064\004\073\004\060\004\063\004\060}{section.84}% 42
\BOOKMARK [2][-]{subsection.88}{\376\377\004\041\004\103\004\077\004\065\004\100\000\040\004\020\004\064\004\074\004\070\004\075\004\113\000\040\004\104\004\103\004\075\004\072\004\106\004\070\004\076\004\075\004\060\004\073\004\114\000\040\004\110\004\060\004\060\004\100\004\064\004\073\004\060\004\063\004\060}{section.84}% 43
\BOOKMARK [1][-]{section.90}{\376\377\004\044\004\103\004\075\004\072\004\106\004\070\004\076\004\075\004\060\004\073\004\114\000\040\004\061\004\103\004\101\000\040\004\110\004\060\004\060\004\100\004\064\004\073\004\060\004\063\004\103\004\103\004\064}{chapter.69}% 44
\BOOKMARK [1][-]{section.92}{\376\377\000U\000s\000e\000\040\000C\000a\000s\000e\000-\004\103\004\103\004\064\004\113\004\075\000\040\004\066\004\060\004\063\004\101\004\060\004\060\004\073\004\102}{chapter.69}% 45
\BOOKMARK [1][-]{section.93}{\376\377\004\045\004\115\004\100\004\115\004\063\004\073\004\115\004\063\004\107\004\070\004\071\004\075\000\040\004\115\004\100\004\105\004\070\004\071\004\075\000\040\004\074\004\060\004\102\004\100\004\070\004\106\000\040\000\050\000R\000B\000A\000C\000\051}{chapter.69}% 46
\BOOKMARK [1][-]{section.95}{\376\377\000U\000s\000e\000\040\000C\000a\000s\000e\000\040\004\064\004\070\004\060\004\063\004\100\004\060\004\074}{chapter.69}% 47
\BOOKMARK [1][-]{section.97}{\376\377\000U\000s\000e\000\040\000C\000a\000s\000e\000\040\004\064\004\115\004\073\004\063\004\115\004\100\004\115\004\075\004\063\004\257\004\071\000\040\004\102\004\076\004\064\004\076\004\100\004\105\004\076\004\071\004\073\004\076\004\073\004\102\004\103\004\103\004\064}{chapter.69}% 48
\BOOKMARK [2][-]{subsection.98}{\376\377\004\021\004\060\004\102\004\060\004\073\004\063\004\060\004\060\004\066\004\103\004\103\004\073\004\060\004\073\004\102\000\040\004\061\004\060\000\040\004\061\004\257\004\100\004\102\004\063\004\115\004\073\004\070\004\071\004\075\000\040\000U\000s\000e\000\040\000C\000a\000s\000e\000-\004\103\004\103\004\064}{section.97}% 49
\BOOKMARK [2][-]{subsection.101}{\376\377\004\256\004\075\004\064\004\101\004\115\004\075\000\040\004\257\004\071\004\073\000\040\004\060\004\066\004\070\004\073\004\073\004\060\004\063\004\060\004\060\004\075\004\113\000\040\000U\000s\000e\000\040\000C\000a\000s\0